[debug] [2023-06-26T16:31:30.889Z] ----------------------------------------------------------------------
[debug] [2023-06-26T16:31:30.891Z] Command:       C:\Program Files\nodejs\node.exe C:\Users\wa2_conkling\AppData\Roaming\npm\node_modules\firebase-tools\lib\bin\firebase.js deploy
[debug] [2023-06-26T16:31:30.892Z] CLI Version:   12.4.0
[debug] [2023-06-26T16:31:30.892Z] Platform:      win32
[debug] [2023-06-26T16:31:30.892Z] Node Version:  v16.16.0
[debug] [2023-06-26T16:31:30.893Z] Time:          Mon Jun 26 2023 09:31:30 GMT-0700 (Pacific Daylight Time)
[debug] [2023-06-26T16:31:30.893Z] ----------------------------------------------------------------------
[debug] 
[debug] [2023-06-26T16:31:30.963Z] > command requires scopes: ["email","openid","https://www.googleapis.com/auth/cloudplatformprojects.readonly","https://www.googleapis.com/auth/firebase","https://www.googleapis.com/auth/cloud-platform"]
[debug] [2023-06-26T16:31:30.963Z] > authorizing via signed-in user (pdxgrantc@gmail.com)
[debug] [2023-06-26T16:31:30.963Z] [iam] checking project budget-a4c79 for permissions ["firebase.projects.get","firebasehosting.sites.update"]
[debug] [2023-06-26T16:31:30.965Z] >>> [apiv2][query] POST https://cloudresourcemanager.googleapis.com/v1/projects/budget-a4c79:testIamPermissions [none]
[debug] [2023-06-26T16:31:30.966Z] >>> [apiv2][(partial)header] POST https://cloudresourcemanager.googleapis.com/v1/projects/budget-a4c79:testIamPermissions x-goog-quota-user=projects/budget-a4c79
[debug] [2023-06-26T16:31:30.966Z] >>> [apiv2][body] POST https://cloudresourcemanager.googleapis.com/v1/projects/budget-a4c79:testIamPermissions {"permissions":["firebase.projects.get","firebasehosting.sites.update"]}
[debug] [2023-06-26T16:31:31.079Z] <<< [apiv2][status] POST https://cloudresourcemanager.googleapis.com/v1/projects/budget-a4c79:testIamPermissions 200
[debug] [2023-06-26T16:31:31.079Z] <<< [apiv2][body] POST https://cloudresourcemanager.googleapis.com/v1/projects/budget-a4c79:testIamPermissions {"permissions":["firebase.projects.get","firebasehosting.sites.update"]}
[debug] [2023-06-26T16:31:31.080Z] >>> [apiv2][query] GET https://firebase.googleapis.com/v1beta1/projects/budget-a4c79 [none]
[debug] [2023-06-26T16:31:31.249Z] <<< [apiv2][status] GET https://firebase.googleapis.com/v1beta1/projects/budget-a4c79 200
[debug] [2023-06-26T16:31:31.250Z] <<< [apiv2][body] GET https://firebase.googleapis.com/v1beta1/projects/budget-a4c79 {"projectId":"budget-a4c79","projectNumber":"334523129983","displayName":"Budget","name":"projects/budget-a4c79","resources":{"hostingSite":"budget-a4c79"},"state":"ACTIVE","etag":"1_f802250a-3d18-43bd-b2f6-be4ea19e661c"}
[info] 
[info] === Deploying to 'budget-a4c79'...
[info] 
[info] i  deploying hosting 
[debug] [2023-06-26T16:31:31.265Z] >>> [apiv2][query] POST https://firebasehosting.googleapis.com/v1beta1/projects/-/sites/budget-a4c79/versions [none]
[debug] [2023-06-26T16:31:31.265Z] >>> [apiv2][body] POST https://firebasehosting.googleapis.com/v1beta1/projects/-/sites/budget-a4c79/versions {"status":"CREATED","labels":{"deployment-tool":"cli-firebase"}}
[debug] [2023-06-26T16:31:31.879Z] <<< [apiv2][status] POST https://firebasehosting.googleapis.com/v1beta1/projects/-/sites/budget-a4c79/versions 200
[debug] [2023-06-26T16:31:31.879Z] <<< [apiv2][body] POST https://firebasehosting.googleapis.com/v1beta1/projects/-/sites/budget-a4c79/versions {"name":"projects/334523129983/sites/budget-a4c79/versions/05375d03219951de","status":"CREATED","config":{},"labels":{"deployment-tool":"cli-firebase"}}
[info] i  hosting[budget-a4c79]: beginning deploy... 
[info] i  hosting[budget-a4c79]: found 28 files in build 
[debug] [2023-06-26T16:31:31.906Z] [hosting] uploading with 200 concurrency
